<?xml version="1.0" encoding="utf-8"?><testsuites><testsuite name="pytest" errors="0" failures="0" skipped="0" tests="15" time="0.119" timestamp="2022-01-16T22:07:44.400020" hostname="MacBook-Pro"><testcase classname="tests.test_calculator" name="test_single_value" time="0.002" /><testcase classname="tests.test_calculator" name="test_no_parentheses_no_order[addition]" time="0.001" /><testcase classname="tests.test_calculator" name="test_no_parentheses_no_order[subtraction]" time="0.001" /><testcase classname="tests.test_calculator" name="test_no_parentheses_no_order[multiplication]" time="0.001" /><testcase classname="tests.test_calculator" name="test_no_parentheses_no_order[division]" time="0.001" /><testcase classname="tests.test_calculator" name="test_parentheses_no_order[addition]" time="0.001" /><testcase classname="tests.test_calculator" name="test_parentheses_no_order[subtraction]" time="0.001" /><testcase classname="tests.test_calculator" name="test_parentheses_no_order[multiplication]" time="0.001" /><testcase classname="tests.test_calculator" name="test_parentheses_no_order[division]" time="0.001" /><testcase classname="tests.test_calculator" name="test_no_parentheses_mixed[single_md_w_as_left_to_right]" time="0.001" /><testcase classname="tests.test_calculator" name="test_no_parentheses_mixed[single_md_w_as_shuffeld]" time="0.001" /><testcase classname="tests.test_calculator" name="test_no_parentheses_mixed[multiple_md_w_as_left_to_right]" time="0.001" /><testcase classname="tests.test_calculator" name="test_multiple_parentheses_mixed" time="0.001" /><testcase classname="tests.test_calculator" name="test_term_from_task" time="0.001" /><testcase classname="tests.test_calculator" name="test_not_supported_operator" time="0.002" /></testsuite></testsuites>